<?xml version="1.0" encoding="UTF-8"?>
<!-- Generated by org.testng.reporters.JUnitReportReporter -->
<testsuite hostname="LAPTOP-9D6FS8JE" failures="0" tests="1" name="Campaigns.CreateCampaignsWithProductsTest" time="35.833" errors="0" timestamp="2024-07-24T20:48:34 IST" skipped="0">
  <testcase classname="Campaigns.CreateCampaignsWithProductsTest" name="CreateCampaignsWithProducts" time="35.833"/>
  <system-out/>
</testsuite> <!-- Campaigns.CreateCampaignsWithProductsTest -->
