<?xml version="1.0" encoding="UTF-8"?>
<!-- Generated by org.testng.reporters.JUnitReportReporter -->
<testsuite hostname="LAPTOP-9D6FS8JE" failures="0" tests="1" name="Contacts.CreateContactWithOrganizationTest" time="44.801" errors="0" timestamp="2024-07-24T20:48:34 IST" skipped="0">
  <testcase classname="Contacts.CreateContactWithOrganizationTest" name="CreateContactWithOrganization" time="44.801"/>
  <system-out/>
</testsuite> <!-- Contacts.CreateContactWithOrganizationTest -->
