<?xml version="1.0" encoding="UTF-8"?>
<!-- Generated by org.testng.reporters.JUnitReportReporter -->
<testsuite hostname="LAPTOP-9D6FS8JE" failures="0" tests="1" name="Products.CreateProductsTest" time="23.658" errors="0" timestamp="2024-07-24T20:48:34 IST" skipped="0">
  <testcase classname="Products.CreateProductsTest" name="CreateProducts" time="23.658"/>
  <system-out/>
</testsuite> <!-- Products.CreateProductsTest -->
